<?xml version="1.0"?>
<testResults>
  <FitNesseVersion>v20161106</FitNesseVersion>
  <rootPath>ShoppingCartPage.ShopCartTestSuit.NormalFlow</rootPath>
    <result>
    <counts>
      <right>2</right>
      <wrong>0</wrong>
      <ignores>0</ignores>
      <exceptions>5</exceptions>
    </counts>
    <date>2017-03-05T03:15:28-05:00</date>
    <runTimeInMillis>25681</runTimeInMillis>
    <content>&lt;div class="collapsible closed"&gt;&lt;ul&gt;&lt;li&gt;&lt;a href='#' class='expandall'&gt;Expand&lt;/a&gt;&lt;/li&gt;&lt;li&gt;&lt;a href='#' class='collapseall'&gt;Collapse&lt;/a&gt;&lt;/li&gt;&lt;/ul&gt;
	&lt;p class="title"&gt;Included page: &lt;a href="ShoppingCartPage.ShopCartTestSuit.SetUp"&gt;.ShoppingCartPage.ShopCartTestSuit.SetUp&lt;/a&gt; &lt;a href="ShoppingCartPage.ShopCartTestSuit.SetUp?edit&amp;amp;redirectToReferer=true&amp;amp;redirectAction=" class="edit"&gt;(edit)&lt;/a&gt;&lt;/p&gt;
	&lt;div&gt;&lt;table&gt;
	&lt;tr class="slimRowTitle"&gt;
		&lt;td&gt;import&lt;/td&gt;
	&lt;/tr&gt;
	&lt;tr class="slimRowColor0"&gt;
		&lt;td&gt;&lt;span class="pass"&gt;ShopCart&lt;/span&gt;&lt;/td&gt;
	&lt;/tr&gt;
&lt;/table&gt;
&lt;/div&gt;
&lt;/div&gt;
&lt;br/&gt;&lt;table&gt;
	&lt;tr class="slimRowTitle"&gt;
		&lt;td&gt;script&lt;/td&gt;
		&lt;td&gt;&lt;span class="pass"&gt;fitness test shop cart&lt;/span&gt;&lt;/td&gt;
		&lt;td&gt;*chrome&lt;/td&gt;
	&lt;/tr&gt;
	&lt;tr class="slimRowColor4"&gt;
		&lt;td&gt;&lt;span class="pass"&gt;open&lt;/span&gt;&lt;/td&gt;
		&lt;td colspan="2"&gt;www.ebay.ca/itm/161728962861&lt;/td&gt;
	&lt;/tr&gt;
	&lt;tr class="exception closed"&gt;
		&lt;td class="error"&gt;type;&lt;/td&gt;
		&lt;td class="error"&gt;qtyTextBox&lt;/td&gt;
		&lt;td class="error"&gt;2&lt;/td&gt;
	&lt;/tr&gt;&lt;tr class="exception-detail closed-detail"&gt;&lt;td colspan="3"&gt;&lt;pre&gt;__EXCEPTION__:org.openqa.selenium.NoSuchWindowException: no such window: target window already closed
from unknown error: web view not found
  (Session info: chrome=56.0.2924.87)
  (Driver info: chromedriver=2.27.440174 (e97a722caafc2d3a8b807ee115bfb307f7d2cfd9),platform=Mac OS X 10.12.2 x86_64) (WARNING: The server did not provide any stacktrace information)
Command duration or timeout: 4 milliseconds
Build info: version: '3.2.0', revision: '8c03df6', time: '2017-03-02 09:34:51 -0800'
System info: host: 'soks-MacBook-Pro.local', ip: 'fe80:0:0:0:1c26:22bd:371d:ff65%en0', os.name: 'Mac OS X', os.arch: 'x86_64', os.version: '10.12.2', java.version: '1.8.0_121'
Driver info: org.openqa.selenium.chrome.ChromeDriver
Capabilities [{applicationCacheEnabled=false, rotatable=false, mobileEmulationEnabled=false, networkConnectionEnabled=false, chrome={chromedriverVersion=2.27.440174 (e97a722caafc2d3a8b807ee115bfb307f7d2cfd9), userDataDir=/var/folders/z0/80fx5hq966zc8k0kd3h3p7yr0000gn/T/.org.chromium.Chromium.ZR1NGT}, takesHeapSnapshot=true, pageLoadStrategy=normal, databaseEnabled=false, handlesAlerts=true, hasTouchScreen=false, version=56.0.2924.87, platform=MAC, browserConnectionEnabled=false, nativeEvents=true, acceptSslCerts=true, locationContextEnabled=true, webStorageEnabled=true, browserName=chrome, takesScreenshot=true, javascriptEnabled=true, cssSelectorsEnabled=true, unexpectedAlertBehaviour=}]
Session ID: 2dcfa57d5ae884e35521c21871d8e716
*** Element info: {Using=id, value=qtyTextBox}
	at sun.reflect.NativeConstructorAccessorImpl.newInstance0(Native Method) [rt.jar:1.8.0_121]
	at sun.reflect.NativeConstructorAccessorImpl.newInstance(NativeConstructorAccessorImpl.java:62) [rt.jar:1.8.0_121]
	at sun.reflect.DelegatingConstructorAccessorImpl.newInstance(DelegatingConstructorAccessorImpl.java:45) [rt.jar:1.8.0_121]
	at java.lang.reflect.Constructor.newInstance(Constructor.java:423) [rt.jar:1.8.0_121]
	at org.openqa.selenium.remote.ErrorHandler.createThrowable(ErrorHandler.java:216) [selenium-server-standalone-3.2.0.jar:9.2.20.v20161216]
	at org.openqa.selenium.remote.ErrorHandler.throwIfResponseFailed(ErrorHandler.java:168) [selenium-server-standalone-3.2.0.jar:9.2.20.v20161216]
	at org.openqa.selenium.remote.RemoteWebDriver.execute(RemoteWebDriver.java:638) [selenium-server-standalone-3.2.0.jar:9.2.20.v20161216]
	at org.openqa.selenium.remote.RemoteWebDriver.findElement(RemoteWebDriver.java:371) [selenium-server-standalone-3.2.0.jar:9.2.20.v20161216]
	at org.openqa.selenium.remote.RemoteWebDriver.findElementById(RemoteWebDriver.java:420) [selenium-server-standalone-3.2.0.jar:9.2.20.v20161216]
	at org.openqa.selenium.By$ById.findElement(By.java:218) [selenium-server-standalone-3.2.0.jar:9.2.20.v20161216]
	at org.openqa.selenium.remote.RemoteWebDriver.findElement(RemoteWebDriver.java:363) [selenium-server-standalone-3.2.0.jar:9.2.20.v20161216]
	at ShopCart.FitnessTestShopCart.type(FitnessTestShopCart.java:39) [file:/Users/sokhenglim/Desktop/ecse428_assignmentb/fitness/ShopCart/bin/]
	at sun.reflect.NativeMethodAccessorImpl.invoke0(Native Method) [rt.jar:1.8.0_121]
	at sun.reflect.NativeMethodAccessorImpl.invoke(NativeMethodAccessorImpl.java:62) [rt.jar:1.8.0_121]
	at sun.reflect.DelegatingMethodAccessorImpl.invoke(DelegatingMethodAccessorImpl.java:43) [rt.jar:1.8.0_121]
	at java.lang.reflect.Method.invoke(Method.java:498) [rt.jar:1.8.0_121]
	at fitnesse.slim.fixtureInteraction.DefaultInteraction.methodInvoke(DefaultInteraction.java:147) [fitnesse-standalone.jar:20161106]
	at fitnesse.slim.fixtureInteraction.DefaultInteraction.callMethod(DefaultInteraction.java:132) [fitnesse-standalone.jar:20161106]
	at fitnesse.slim.fixtureInteraction.DefaultInteraction.invokeMethod(DefaultInteraction.java:114) [fitnesse-standalone.jar:20161106]
	at fitnesse.slim.fixtureInteraction.DefaultInteraction.findAndInvoke(DefaultInteraction.java:92) [fitnesse-standalone.jar:20161106]
	at fitnesse.slim.MethodExecutor.findAndInvoke(MethodExecutor.java:18) [fitnesse-standalone.jar:20161106]
	at fitnesse.slim.FixtureMethodExecutor.execute(FixtureMethodExecutor.java:18) [fitnesse-standalone.jar:20161106]
	at fitnesse.slim.StatementExecutor.getMethodExecutionResult(StatementExecutor.java:130) [fitnesse-standalone.jar:20161106]
	at fitnesse.slim.StatementExecutor.call(StatementExecutor.java:103) [fitnesse-standalone.jar:20161106]
	at fitnesse.slim.instructions.CallInstruction.executeInternal(CallInstruction.java:35) [fitnesse-standalone.jar:20161106]
	at fitnesse.slim.instructions.Instruction.execute(Instruction.java:29) [fitnesse-standalone.jar:20161106]
	at fitnesse.slim.ListExecutor$Executive.executeStatement(ListExecutor.java:49) [fitnesse-standalone.jar:20161106]
	at fitnesse.slim.ListExecutor$Executive.executeStatements(ListExecutor.java:43) [fitnesse-standalone.jar:20161106]
	at fitnesse.slim.ListExecutor.execute(ListExecutor.java:85) [fitnesse-standalone.jar:20161106]
	at fitnesse.slim.SlimServer.executeInstructions(SlimServer.java:82) [fitnesse-standalone.jar:20161106]
	at fitnesse.slim.SlimServer.processOneSetOfInstructions(SlimServer.java:75) [fitnesse-standalone.jar:20161106]
	at fitnesse.slim.SlimServer.tryProcessInstructions(SlimServer.java:62) [fitnesse-standalone.jar:20161106]
	at fitnesse.slim.SlimServer.serve(SlimServer.java:47) [fitnesse-standalone.jar:20161106]
	at fitnesse.slim.SlimService.handle(SlimService.java:168) [fitnesse-standalone.jar:20161106]
	at fitnesse.slim.SlimService.acceptOne(SlimService.java:176) [fitnesse-standalone.jar:20161106]
	at fitnesse.slim.SlimService.accept(SlimService.java:138) [fitnesse-standalone.jar:20161106]
	at fitnesse.slim.SlimService.startWithFactory(SlimService.java:91) [fitnesse-standalone.jar:20161106]
	at fitnesse.slim.SlimService.main(SlimService.java:56) [fitnesse-standalone.jar:20161106]&lt;/pre&gt;&lt;/td&gt;&lt;/tr&gt;
	&lt;tr class="exception closed"&gt;
		&lt;td class="error"&gt;click&lt;/td&gt;
		&lt;td colspan="2" class="error"&gt;isCartBtn_btn&lt;/td&gt;
	&lt;/tr&gt;&lt;tr class="exception-detail closed-detail"&gt;&lt;td colspan="3"&gt;&lt;pre&gt;__EXCEPTION__:org.openqa.selenium.NoSuchWindowException: no such window: target window already closed
from unknown error: web view not found
  (Session info: chrome=56.0.2924.87)
  (Driver info: chromedriver=2.27.440174 (e97a722caafc2d3a8b807ee115bfb307f7d2cfd9),platform=Mac OS X 10.12.2 x86_64) (WARNING: The server did not provide any stacktrace information)
Command duration or timeout: 3 milliseconds
Build info: version: '3.2.0', revision: '8c03df6', time: '2017-03-02 09:34:51 -0800'
System info: host: 'soks-MacBook-Pro.local', ip: 'fe80:0:0:0:1c26:22bd:371d:ff65%en0', os.name: 'Mac OS X', os.arch: 'x86_64', os.version: '10.12.2', java.version: '1.8.0_121'
Driver info: org.openqa.selenium.chrome.ChromeDriver
Capabilities [{applicationCacheEnabled=false, rotatable=false, mobileEmulationEnabled=false, networkConnectionEnabled=false, chrome={chromedriverVersion=2.27.440174 (e97a722caafc2d3a8b807ee115bfb307f7d2cfd9), userDataDir=/var/folders/z0/80fx5hq966zc8k0kd3h3p7yr0000gn/T/.org.chromium.Chromium.ZR1NGT}, takesHeapSnapshot=true, pageLoadStrategy=normal, databaseEnabled=false, handlesAlerts=true, hasTouchScreen=false, version=56.0.2924.87, platform=MAC, browserConnectionEnabled=false, nativeEvents=true, acceptSslCerts=true, locationContextEnabled=true, webStorageEnabled=true, browserName=chrome, takesScreenshot=true, javascriptEnabled=true, cssSelectorsEnabled=true, unexpectedAlertBehaviour=}]
Session ID: 2dcfa57d5ae884e35521c21871d8e716
*** Element info: {Using=id, value=isCartBtn_btn}
	at sun.reflect.NativeConstructorAccessorImpl.newInstance0(Native Method) [rt.jar:1.8.0_121]
	at sun.reflect.NativeConstructorAccessorImpl.newInstance(NativeConstructorAccessorImpl.java:62) [rt.jar:1.8.0_121]
	at sun.reflect.DelegatingConstructorAccessorImpl.newInstance(DelegatingConstructorAccessorImpl.java:45) [rt.jar:1.8.0_121]
	at java.lang.reflect.Constructor.newInstance(Constructor.java:423) [rt.jar:1.8.0_121]
	at org.openqa.selenium.remote.ErrorHandler.createThrowable(ErrorHandler.java:216) [selenium-server-standalone-3.2.0.jar:9.2.20.v20161216]
	at org.openqa.selenium.remote.ErrorHandler.throwIfResponseFailed(ErrorHandler.java:168) [selenium-server-standalone-3.2.0.jar:9.2.20.v20161216]
	at org.openqa.selenium.remote.RemoteWebDriver.execute(RemoteWebDriver.java:638) [selenium-server-standalone-3.2.0.jar:9.2.20.v20161216]
	at org.openqa.selenium.remote.RemoteWebDriver.findElement(RemoteWebDriver.java:371) [selenium-server-standalone-3.2.0.jar:9.2.20.v20161216]
	at org.openqa.selenium.remote.RemoteWebDriver.findElementById(RemoteWebDriver.java:420) [selenium-server-standalone-3.2.0.jar:9.2.20.v20161216]
	at org.openqa.selenium.By$ById.findElement(By.java:218) [selenium-server-standalone-3.2.0.jar:9.2.20.v20161216]
	at org.openqa.selenium.remote.RemoteWebDriver.findElement(RemoteWebDriver.java:363) [selenium-server-standalone-3.2.0.jar:9.2.20.v20161216]
	at ShopCart.FitnessTestShopCart.click(FitnessTestShopCart.java:50) [file:/Users/sokhenglim/Desktop/ecse428_assignmentb/fitness/ShopCart/bin/]
	at sun.reflect.NativeMethodAccessorImpl.invoke0(Native Method) [rt.jar:1.8.0_121]
	at sun.reflect.NativeMethodAccessorImpl.invoke(NativeMethodAccessorImpl.java:62) [rt.jar:1.8.0_121]
	at sun.reflect.DelegatingMethodAccessorImpl.invoke(DelegatingMethodAccessorImpl.java:43) [rt.jar:1.8.0_121]
	at java.lang.reflect.Method.invoke(Method.java:498) [rt.jar:1.8.0_121]
	at fitnesse.slim.fixtureInteraction.DefaultInteraction.methodInvoke(DefaultInteraction.java:147) [fitnesse-standalone.jar:20161106]
	at fitnesse.slim.fixtureInteraction.DefaultInteraction.callMethod(DefaultInteraction.java:132) [fitnesse-standalone.jar:20161106]
	at fitnesse.slim.fixtureInteraction.DefaultInteraction.invokeMethod(DefaultInteraction.java:114) [fitnesse-standalone.jar:20161106]
	at fitnesse.slim.fixtureInteraction.DefaultInteraction.findAndInvoke(DefaultInteraction.java:92) [fitnesse-standalone.jar:20161106]
	at fitnesse.slim.MethodExecutor.findAndInvoke(MethodExecutor.java:18) [fitnesse-standalone.jar:20161106]
	at fitnesse.slim.FixtureMethodExecutor.execute(FixtureMethodExecutor.java:18) [fitnesse-standalone.jar:20161106]
	at fitnesse.slim.StatementExecutor.getMethodExecutionResult(StatementExecutor.java:130) [fitnesse-standalone.jar:20161106]
	at fitnesse.slim.StatementExecutor.call(StatementExecutor.java:103) [fitnesse-standalone.jar:20161106]
	at fitnesse.slim.instructions.CallInstruction.executeInternal(CallInstruction.java:35) [fitnesse-standalone.jar:20161106]
	at fitnesse.slim.instructions.Instruction.execute(Instruction.java:29) [fitnesse-standalone.jar:20161106]
	at fitnesse.slim.ListExecutor$Executive.executeStatement(ListExecutor.java:49) [fitnesse-standalone.jar:20161106]
	at fitnesse.slim.ListExecutor$Executive.executeStatements(ListExecutor.java:43) [fitnesse-standalone.jar:20161106]
	at fitnesse.slim.ListExecutor.execute(ListExecutor.java:85) [fitnesse-standalone.jar:20161106]
	at fitnesse.slim.SlimServer.executeInstructions(SlimServer.java:82) [fitnesse-standalone.jar:20161106]
	at fitnesse.slim.SlimServer.processOneSetOfInstructions(SlimServer.java:75) [fitnesse-standalone.jar:20161106]
	at fitnesse.slim.SlimServer.tryProcessInstructions(SlimServer.java:62) [fitnesse-standalone.jar:20161106]
	at fitnesse.slim.SlimServer.serve(SlimServer.java:47) [fitnesse-standalone.jar:20161106]
	at fitnesse.slim.SlimService.handle(SlimService.java:168) [fitnesse-standalone.jar:20161106]
	at fitnesse.slim.SlimService.acceptOne(SlimService.java:176) [fitnesse-standalone.jar:20161106]
	at fitnesse.slim.SlimService.accept(SlimService.java:138) [fitnesse-standalone.jar:20161106]
	at fitnesse.slim.SlimService.startWithFactory(SlimService.java:91) [fitnesse-standalone.jar:20161106]
	at fitnesse.slim.SlimService.main(SlimService.java:56) [fitnesse-standalone.jar:20161106]&lt;/pre&gt;&lt;/td&gt;&lt;/tr&gt;
	&lt;tr class="exception closed"&gt;
		&lt;td class="error"&gt;verify Shop Cart Page&lt;/td&gt;
		&lt;td colspan="2" class="error"&gt;Your eBay Shopping Cart&lt;/td&gt;
	&lt;/tr&gt;&lt;tr class="exception-detail closed-detail"&gt;&lt;td colspan="3"&gt;&lt;pre&gt;__EXCEPTION__:org.openqa.selenium.NoSuchWindowException: no such window: target window already closed
from unknown error: web view not found
  (Session info: chrome=56.0.2924.87)
  (Driver info: chromedriver=2.27.440174 (e97a722caafc2d3a8b807ee115bfb307f7d2cfd9),platform=Mac OS X 10.12.2 x86_64) (WARNING: The server did not provide any stacktrace information)
Command duration or timeout: 4 milliseconds
Build info: version: '3.2.0', revision: '8c03df6', time: '2017-03-02 09:34:51 -0800'
System info: host: 'soks-MacBook-Pro.local', ip: 'fe80:0:0:0:1c26:22bd:371d:ff65%en0', os.name: 'Mac OS X', os.arch: 'x86_64', os.version: '10.12.2', java.version: '1.8.0_121'
Driver info: org.openqa.selenium.chrome.ChromeDriver
Capabilities [{applicationCacheEnabled=false, rotatable=false, mobileEmulationEnabled=false, networkConnectionEnabled=false, chrome={chromedriverVersion=2.27.440174 (e97a722caafc2d3a8b807ee115bfb307f7d2cfd9), userDataDir=/var/folders/z0/80fx5hq966zc8k0kd3h3p7yr0000gn/T/.org.chromium.Chromium.ZR1NGT}, takesHeapSnapshot=true, pageLoadStrategy=normal, databaseEnabled=false, handlesAlerts=true, hasTouchScreen=false, version=56.0.2924.87, platform=MAC, browserConnectionEnabled=false, nativeEvents=true, acceptSslCerts=true, locationContextEnabled=true, webStorageEnabled=true, browserName=chrome, takesScreenshot=true, javascriptEnabled=true, cssSelectorsEnabled=true, unexpectedAlertBehaviour=}]
Session ID: 2dcfa57d5ae884e35521c21871d8e716
*** Element info: {Using=id, value=PageTitle}
	at sun.reflect.NativeConstructorAccessorImpl.newInstance0(Native Method) [rt.jar:1.8.0_121]
	at sun.reflect.NativeConstructorAccessorImpl.newInstance(NativeConstructorAccessorImpl.java:62) [rt.jar:1.8.0_121]
	at sun.reflect.DelegatingConstructorAccessorImpl.newInstance(DelegatingConstructorAccessorImpl.java:45) [rt.jar:1.8.0_121]
	at java.lang.reflect.Constructor.newInstance(Constructor.java:423) [rt.jar:1.8.0_121]
	at org.openqa.selenium.remote.ErrorHandler.createThrowable(ErrorHandler.java:216) [selenium-server-standalone-3.2.0.jar:9.2.20.v20161216]
	at org.openqa.selenium.remote.ErrorHandler.throwIfResponseFailed(ErrorHandler.java:168) [selenium-server-standalone-3.2.0.jar:9.2.20.v20161216]
	at org.openqa.selenium.remote.RemoteWebDriver.execute(RemoteWebDriver.java:638) [selenium-server-standalone-3.2.0.jar:9.2.20.v20161216]
	at org.openqa.selenium.remote.RemoteWebDriver.findElement(RemoteWebDriver.java:371) [selenium-server-standalone-3.2.0.jar:9.2.20.v20161216]
	at org.openqa.selenium.remote.RemoteWebDriver.findElementById(RemoteWebDriver.java:420) [selenium-server-standalone-3.2.0.jar:9.2.20.v20161216]
	at org.openqa.selenium.By$ById.findElement(By.java:218) [selenium-server-standalone-3.2.0.jar:9.2.20.v20161216]
	at org.openqa.selenium.remote.RemoteWebDriver.findElement(RemoteWebDriver.java:363) [selenium-server-standalone-3.2.0.jar:9.2.20.v20161216]
	at ShopCart.FitnessTestShopCart.verifyShopCartPage(FitnessTestShopCart.java:58) [file:/Users/sokhenglim/Desktop/ecse428_assignmentb/fitness/ShopCart/bin/]
	at sun.reflect.NativeMethodAccessorImpl.invoke0(Native Method) [rt.jar:1.8.0_121]
	at sun.reflect.NativeMethodAccessorImpl.invoke(NativeMethodAccessorImpl.java:62) [rt.jar:1.8.0_121]
	at sun.reflect.DelegatingMethodAccessorImpl.invoke(DelegatingMethodAccessorImpl.java:43) [rt.jar:1.8.0_121]
	at java.lang.reflect.Method.invoke(Method.java:498) [rt.jar:1.8.0_121]
	at fitnesse.slim.fixtureInteraction.DefaultInteraction.methodInvoke(DefaultInteraction.java:147) [fitnesse-standalone.jar:20161106]
	at fitnesse.slim.fixtureInteraction.DefaultInteraction.callMethod(DefaultInteraction.java:132) [fitnesse-standalone.jar:20161106]
	at fitnesse.slim.fixtureInteraction.DefaultInteraction.invokeMethod(DefaultInteraction.java:114) [fitnesse-standalone.jar:20161106]
	at fitnesse.slim.fixtureInteraction.DefaultInteraction.findAndInvoke(DefaultInteraction.java:92) [fitnesse-standalone.jar:20161106]
	at fitnesse.slim.MethodExecutor.findAndInvoke(MethodExecutor.java:18) [fitnesse-standalone.jar:20161106]
	at fitnesse.slim.FixtureMethodExecutor.execute(FixtureMethodExecutor.java:18) [fitnesse-standalone.jar:20161106]
	at fitnesse.slim.StatementExecutor.getMethodExecutionResult(StatementExecutor.java:130) [fitnesse-standalone.jar:20161106]
	at fitnesse.slim.StatementExecutor.call(StatementExecutor.java:103) [fitnesse-standalone.jar:20161106]
	at fitnesse.slim.instructions.CallInstruction.executeInternal(CallInstruction.java:35) [fitnesse-standalone.jar:20161106]
	at fitnesse.slim.instructions.Instruction.execute(Instruction.java:29) [fitnesse-standalone.jar:20161106]
	at fitnesse.slim.ListExecutor$Executive.executeStatement(ListExecutor.java:49) [fitnesse-standalone.jar:20161106]
	at fitnesse.slim.ListExecutor$Executive.executeStatements(ListExecutor.java:43) [fitnesse-standalone.jar:20161106]
	at fitnesse.slim.ListExecutor.execute(ListExecutor.java:85) [fitnesse-standalone.jar:20161106]
	at fitnesse.slim.SlimServer.executeInstructions(SlimServer.java:82) [fitnesse-standalone.jar:20161106]
	at fitnesse.slim.SlimServer.processOneSetOfInstructions(SlimServer.java:75) [fitnesse-standalone.jar:20161106]
	at fitnesse.slim.SlimServer.tryProcessInstructions(SlimServer.java:62) [fitnesse-standalone.jar:20161106]
	at fitnesse.slim.SlimServer.serve(SlimServer.java:47) [fitnesse-standalone.jar:20161106]
	at fitnesse.slim.SlimService.handle(SlimService.java:168) [fitnesse-standalone.jar:20161106]
	at fitnesse.slim.SlimService.acceptOne(SlimService.java:176) [fitnesse-standalone.jar:20161106]
	at fitnesse.slim.SlimService.accept(SlimService.java:138) [fitnesse-standalone.jar:20161106]
	at fitnesse.slim.SlimService.startWithFactory(SlimService.java:91) [fitnesse-standalone.jar:20161106]
	at fitnesse.slim.SlimService.main(SlimService.java:56) [fitnesse-standalone.jar:20161106]&lt;/pre&gt;&lt;/td&gt;&lt;/tr&gt;
	&lt;tr class="exception closed"&gt;
		&lt;td class="error"&gt;verify Cart Product Name;&lt;/td&gt;
		&lt;td class="error"&gt;Oster White 8 Speed Blender - BLSTMG-W00-033&lt;/td&gt;
		&lt;td class="error"&gt;161728962861_title&lt;/td&gt;
	&lt;/tr&gt;&lt;tr class="exception-detail closed-detail"&gt;&lt;td colspan="3"&gt;&lt;pre&gt;__EXCEPTION__:org.openqa.selenium.NoSuchWindowException: no such window: target window already closed
from unknown error: web view not found
  (Session info: chrome=56.0.2924.87)
  (Driver info: chromedriver=2.27.440174 (e97a722caafc2d3a8b807ee115bfb307f7d2cfd9),platform=Mac OS X 10.12.2 x86_64) (WARNING: The server did not provide any stacktrace information)
Command duration or timeout: 4 milliseconds
Build info: version: '3.2.0', revision: '8c03df6', time: '2017-03-02 09:34:51 -0800'
System info: host: 'soks-MacBook-Pro.local', ip: 'fe80:0:0:0:1c26:22bd:371d:ff65%en0', os.name: 'Mac OS X', os.arch: 'x86_64', os.version: '10.12.2', java.version: '1.8.0_121'
Driver info: org.openqa.selenium.chrome.ChromeDriver
Capabilities [{applicationCacheEnabled=false, rotatable=false, mobileEmulationEnabled=false, networkConnectionEnabled=false, chrome={chromedriverVersion=2.27.440174 (e97a722caafc2d3a8b807ee115bfb307f7d2cfd9), userDataDir=/var/folders/z0/80fx5hq966zc8k0kd3h3p7yr0000gn/T/.org.chromium.Chromium.ZR1NGT}, takesHeapSnapshot=true, pageLoadStrategy=normal, databaseEnabled=false, handlesAlerts=true, hasTouchScreen=false, version=56.0.2924.87, platform=MAC, browserConnectionEnabled=false, nativeEvents=true, acceptSslCerts=true, locationContextEnabled=true, webStorageEnabled=true, browserName=chrome, takesScreenshot=true, javascriptEnabled=true, cssSelectorsEnabled=true, unexpectedAlertBehaviour=}]
Session ID: 2dcfa57d5ae884e35521c21871d8e716
*** Element info: {Using=id, value=161728962861_title}
	at sun.reflect.NativeConstructorAccessorImpl.newInstance0(Native Method) [rt.jar:1.8.0_121]
	at sun.reflect.NativeConstructorAccessorImpl.newInstance(NativeConstructorAccessorImpl.java:62) [rt.jar:1.8.0_121]
	at sun.reflect.DelegatingConstructorAccessorImpl.newInstance(DelegatingConstructorAccessorImpl.java:45) [rt.jar:1.8.0_121]
	at java.lang.reflect.Constructor.newInstance(Constructor.java:423) [rt.jar:1.8.0_121]
	at org.openqa.selenium.remote.ErrorHandler.createThrowable(ErrorHandler.java:216) [selenium-server-standalone-3.2.0.jar:9.2.20.v20161216]
	at org.openqa.selenium.remote.ErrorHandler.throwIfResponseFailed(ErrorHandler.java:168) [selenium-server-standalone-3.2.0.jar:9.2.20.v20161216]
	at org.openqa.selenium.remote.RemoteWebDriver.execute(RemoteWebDriver.java:638) [selenium-server-standalone-3.2.0.jar:9.2.20.v20161216]
	at org.openqa.selenium.remote.RemoteWebDriver.findElement(RemoteWebDriver.java:371) [selenium-server-standalone-3.2.0.jar:9.2.20.v20161216]
	at org.openqa.selenium.remote.RemoteWebDriver.findElementById(RemoteWebDriver.java:420) [selenium-server-standalone-3.2.0.jar:9.2.20.v20161216]
	at org.openqa.selenium.By$ById.findElement(By.java:218) [selenium-server-standalone-3.2.0.jar:9.2.20.v20161216]
	at org.openqa.selenium.remote.RemoteWebDriver.findElement(RemoteWebDriver.java:363) [selenium-server-standalone-3.2.0.jar:9.2.20.v20161216]
	at ShopCart.FitnessTestShopCart.verifyCartProductName(FitnessTestShopCart.java:63) [file:/Users/sokhenglim/Desktop/ecse428_assignmentb/fitness/ShopCart/bin/]
	at sun.reflect.NativeMethodAccessorImpl.invoke0(Native Method) [rt.jar:1.8.0_121]
	at sun.reflect.NativeMethodAccessorImpl.invoke(NativeMethodAccessorImpl.java:62) [rt.jar:1.8.0_121]
	at sun.reflect.DelegatingMethodAccessorImpl.invoke(DelegatingMethodAccessorImpl.java:43) [rt.jar:1.8.0_121]
	at java.lang.reflect.Method.invoke(Method.java:498) [rt.jar:1.8.0_121]
	at fitnesse.slim.fixtureInteraction.DefaultInteraction.methodInvoke(DefaultInteraction.java:147) [fitnesse-standalone.jar:20161106]
	at fitnesse.slim.fixtureInteraction.DefaultInteraction.callMethod(DefaultInteraction.java:132) [fitnesse-standalone.jar:20161106]
	at fitnesse.slim.fixtureInteraction.DefaultInteraction.invokeMethod(DefaultInteraction.java:114) [fitnesse-standalone.jar:20161106]
	at fitnesse.slim.fixtureInteraction.DefaultInteraction.findAndInvoke(DefaultInteraction.java:92) [fitnesse-standalone.jar:20161106]
	at fitnesse.slim.MethodExecutor.findAndInvoke(MethodExecutor.java:18) [fitnesse-standalone.jar:20161106]
	at fitnesse.slim.FixtureMethodExecutor.execute(FixtureMethodExecutor.java:18) [fitnesse-standalone.jar:20161106]
	at fitnesse.slim.StatementExecutor.getMethodExecutionResult(StatementExecutor.java:130) [fitnesse-standalone.jar:20161106]
	at fitnesse.slim.StatementExecutor.call(StatementExecutor.java:103) [fitnesse-standalone.jar:20161106]
	at fitnesse.slim.instructions.CallInstruction.executeInternal(CallInstruction.java:35) [fitnesse-standalone.jar:20161106]
	at fitnesse.slim.instructions.Instruction.execute(Instruction.java:29) [fitnesse-standalone.jar:20161106]
	at fitnesse.slim.ListExecutor$Executive.executeStatement(ListExecutor.java:49) [fitnesse-standalone.jar:20161106]
	at fitnesse.slim.ListExecutor$Executive.executeStatements(ListExecutor.java:43) [fitnesse-standalone.jar:20161106]
	at fitnesse.slim.ListExecutor.execute(ListExecutor.java:85) [fitnesse-standalone.jar:20161106]
	at fitnesse.slim.SlimServer.executeInstructions(SlimServer.java:82) [fitnesse-standalone.jar:20161106]
	at fitnesse.slim.SlimServer.processOneSetOfInstructions(SlimServer.java:75) [fitnesse-standalone.jar:20161106]
	at fitnesse.slim.SlimServer.tryProcessInstructions(SlimServer.java:62) [fitnesse-standalone.jar:20161106]
	at fitnesse.slim.SlimServer.serve(SlimServer.java:47) [fitnesse-standalone.jar:20161106]
	at fitnesse.slim.SlimService.handle(SlimService.java:168) [fitnesse-standalone.jar:20161106]
	at fitnesse.slim.SlimService.acceptOne(SlimService.java:176) [fitnesse-standalone.jar:20161106]
	at fitnesse.slim.SlimService.accept(SlimService.java:138) [fitnesse-standalone.jar:20161106]
	at fitnesse.slim.SlimService.startWithFactory(SlimService.java:91) [fitnesse-standalone.jar:20161106]
	at fitnesse.slim.SlimService.main(SlimService.java:56) [fitnesse-standalone.jar:20161106]&lt;/pre&gt;&lt;/td&gt;&lt;/tr&gt;
	&lt;tr class="exception closed"&gt;
		&lt;td class="error"&gt;verify Cart Product Quantity&lt;/td&gt;
		&lt;td colspan="2" class="error"&gt;2&lt;/td&gt;
	&lt;/tr&gt;&lt;tr class="exception-detail closed-detail"&gt;&lt;td colspan="3"&gt;&lt;pre&gt;__EXCEPTION__:org.openqa.selenium.NoSuchWindowException: no such window: target window already closed
from unknown error: web view not found
  (Session info: chrome=56.0.2924.87)
  (Driver info: chromedriver=2.27.440174 (e97a722caafc2d3a8b807ee115bfb307f7d2cfd9),platform=Mac OS X 10.12.2 x86_64) (WARNING: The server did not provide any stacktrace information)
Command duration or timeout: 4 milliseconds
Build info: version: '3.2.0', revision: '8c03df6', time: '2017-03-02 09:34:51 -0800'
System info: host: 'soks-MacBook-Pro.local', ip: 'fe80:0:0:0:1c26:22bd:371d:ff65%en0', os.name: 'Mac OS X', os.arch: 'x86_64', os.version: '10.12.2', java.version: '1.8.0_121'
Driver info: org.openqa.selenium.chrome.ChromeDriver
Capabilities [{applicationCacheEnabled=false, rotatable=false, mobileEmulationEnabled=false, networkConnectionEnabled=false, chrome={chromedriverVersion=2.27.440174 (e97a722caafc2d3a8b807ee115bfb307f7d2cfd9), userDataDir=/var/folders/z0/80fx5hq966zc8k0kd3h3p7yr0000gn/T/.org.chromium.Chromium.ZR1NGT}, takesHeapSnapshot=true, pageLoadStrategy=normal, databaseEnabled=false, handlesAlerts=true, hasTouchScreen=false, version=56.0.2924.87, platform=MAC, browserConnectionEnabled=false, nativeEvents=true, acceptSslCerts=true, locationContextEnabled=true, webStorageEnabled=true, browserName=chrome, takesScreenshot=true, javascriptEnabled=true, cssSelectorsEnabled=true, unexpectedAlertBehaviour=}]
Session ID: 2dcfa57d5ae884e35521c21871d8e716
*** Element info: {Using=xpath, value=//input[contains(@id,'qty')]}
	at sun.reflect.NativeConstructorAccessorImpl.newInstance0(Native Method) [rt.jar:1.8.0_121]
	at sun.reflect.NativeConstructorAccessorImpl.newInstance(NativeConstructorAccessorImpl.java:62) [rt.jar:1.8.0_121]
	at sun.reflect.DelegatingConstructorAccessorImpl.newInstance(DelegatingConstructorAccessorImpl.java:45) [rt.jar:1.8.0_121]
	at java.lang.reflect.Constructor.newInstance(Constructor.java:423) [rt.jar:1.8.0_121]
	at org.openqa.selenium.remote.ErrorHandler.createThrowable(ErrorHandler.java:216) [selenium-server-standalone-3.2.0.jar:9.2.20.v20161216]
	at org.openqa.selenium.remote.ErrorHandler.throwIfResponseFailed(ErrorHandler.java:168) [selenium-server-standalone-3.2.0.jar:9.2.20.v20161216]
	at org.openqa.selenium.remote.RemoteWebDriver.execute(RemoteWebDriver.java:638) [selenium-server-standalone-3.2.0.jar:9.2.20.v20161216]
	at org.openqa.selenium.remote.RemoteWebDriver.findElement(RemoteWebDriver.java:371) [selenium-server-standalone-3.2.0.jar:9.2.20.v20161216]
	at org.openqa.selenium.remote.RemoteWebDriver.findElementByXPath(RemoteWebDriver.java:476) [selenium-server-standalone-3.2.0.jar:9.2.20.v20161216]
	at org.openqa.selenium.By$ByXPath.findElement(By.java:361) [selenium-server-standalone-3.2.0.jar:9.2.20.v20161216]
	at org.openqa.selenium.remote.RemoteWebDriver.findElement(RemoteWebDriver.java:363) [selenium-server-standalone-3.2.0.jar:9.2.20.v20161216]
	at ShopCart.FitnessTestShopCart.verifyCartProductQuantity(FitnessTestShopCart.java:69) [file:/Users/sokhenglim/Desktop/ecse428_assignmentb/fitness/ShopCart/bin/]
	at sun.reflect.NativeMethodAccessorImpl.invoke0(Native Method) [rt.jar:1.8.0_121]
	at sun.reflect.NativeMethodAccessorImpl.invoke(NativeMethodAccessorImpl.java:62) [rt.jar:1.8.0_121]
	at sun.reflect.DelegatingMethodAccessorImpl.invoke(DelegatingMethodAccessorImpl.java:43) [rt.jar:1.8.0_121]
	at java.lang.reflect.Method.invoke(Method.java:498) [rt.jar:1.8.0_121]
	at fitnesse.slim.fixtureInteraction.DefaultInteraction.methodInvoke(DefaultInteraction.java:147) [fitnesse-standalone.jar:20161106]
	at fitnesse.slim.fixtureInteraction.DefaultInteraction.callMethod(DefaultInteraction.java:132) [fitnesse-standalone.jar:20161106]
	at fitnesse.slim.fixtureInteraction.DefaultInteraction.invokeMethod(DefaultInteraction.java:114) [fitnesse-standalone.jar:20161106]
	at fitnesse.slim.fixtureInteraction.DefaultInteraction.findAndInvoke(DefaultInteraction.java:92) [fitnesse-standalone.jar:20161106]
	at fitnesse.slim.MethodExecutor.findAndInvoke(MethodExecutor.java:18) [fitnesse-standalone.jar:20161106]
	at fitnesse.slim.FixtureMethodExecutor.execute(FixtureMethodExecutor.java:18) [fitnesse-standalone.jar:20161106]
	at fitnesse.slim.StatementExecutor.getMethodExecutionResult(StatementExecutor.java:130) [fitnesse-standalone.jar:20161106]
	at fitnesse.slim.StatementExecutor.call(StatementExecutor.java:103) [fitnesse-standalone.jar:20161106]
	at fitnesse.slim.instructions.CallInstruction.executeInternal(CallInstruction.java:35) [fitnesse-standalone.jar:20161106]
	at fitnesse.slim.instructions.Instruction.execute(Instruction.java:29) [fitnesse-standalone.jar:20161106]
	at fitnesse.slim.ListExecutor$Executive.executeStatement(ListExecutor.java:49) [fitnesse-standalone.jar:20161106]
	at fitnesse.slim.ListExecutor$Executive.executeStatements(ListExecutor.java:43) [fitnesse-standalone.jar:20161106]
	at fitnesse.slim.ListExecutor.execute(ListExecutor.java:85) [fitnesse-standalone.jar:20161106]
	at fitnesse.slim.SlimServer.executeInstructions(SlimServer.java:82) [fitnesse-standalone.jar:20161106]
	at fitnesse.slim.SlimServer.processOneSetOfInstructions(SlimServer.java:75) [fitnesse-standalone.jar:20161106]
	at fitnesse.slim.SlimServer.tryProcessInstructions(SlimServer.java:62) [fitnesse-standalone.jar:20161106]
	at fitnesse.slim.SlimServer.serve(SlimServer.java:47) [fitnesse-standalone.jar:20161106]
	at fitnesse.slim.SlimService.handle(SlimService.java:168) [fitnesse-standalone.jar:20161106]
	at fitnesse.slim.SlimService.acceptOne(SlimService.java:176) [fitnesse-standalone.jar:20161106]
	at fitnesse.slim.SlimService.accept(SlimService.java:138) [fitnesse-standalone.jar:20161106]
	at fitnesse.slim.SlimService.startWithFactory(SlimService.java:91) [fitnesse-standalone.jar:20161106]
	at fitnesse.slim.SlimService.main(SlimService.java:56) [fitnesse-standalone.jar:20161106]&lt;/pre&gt;&lt;/td&gt;&lt;/tr&gt;
	&lt;tr class="slimRowColor4"&gt;
		&lt;td colspan="3"&gt;&lt;span class="pass"&gt;close&lt;/span&gt;&lt;/td&gt;
	&lt;/tr&gt;
&lt;/table&gt;
</content>
    <relativePageName>NormalFlow</relativePageName>
            <instructions>
            <instructionResult>
        <instruction>{id='import_0_0', instruction='import', path='ShopCart'}</instruction>
        <slimResult>pass(ShopCart)</slimResult>
                <expectation>
                    <status>pass</status>
                    <instructionId>import_0_0</instructionId>
                    <col>0</col>
                              <row>1</row>
                    <type>ImportExpectation</type>
                                        <evaluationMessage>ShopCart</evaluationMessage>
                  </expectation>
              </instructionResult>
            <instructionResult>
        <instruction>{id='scriptTable_1_0', instruction='make', instanceName='scriptTableActor', className='FitnessTestShopCart', args=[*chrome]}</instruction>
        <slimResult>pass(fitness test shop cart)</slimResult>
                <expectation>
                    <status>pass</status>
                    <instructionId>scriptTable_1_0</instructionId>
                    <col>1</col>
                              <row>0</row>
                    <type>ConstructionExpectation</type>
                                        <evaluationMessage>fitness test shop cart</evaluationMessage>
                  </expectation>
              </instructionResult>
            <instructionResult>
        <instruction>{id='scriptTable_1_1', instruction='call', instanceName='scriptTableActor', methodName='open', args=[www.ebay.ca/itm/161728962861]}</instruction>
        <slimResult>pass()</slimResult>
                <expectation>
                    <status>pass</status>
                    <instructionId>scriptTable_1_1</instructionId>
                    <col>0</col>
                              <row>1</row>
                    <type>ScriptActionExpectation</type>
                                      </expectation>
              </instructionResult>
            <instructionResult>
        <instruction>{id='scriptTable_1_2', instruction='call', instanceName='scriptTableActor', methodName='type', args=[qtyTextBox, 2]}</instruction>
        <slimResult></slimResult>
                <expectation>
                    <status>error</status>
                    <instructionId>scriptTable_1_2</instructionId>
                              <type>ScriptActionExpectation</type>
                                      </expectation>
              </instructionResult>
            <instructionResult>
        <instruction>{id='scriptTable_1_3', instruction='call', instanceName='scriptTableActor', methodName='click', args=[isCartBtn_btn]}</instruction>
        <slimResult></slimResult>
                <expectation>
                    <status>error</status>
                    <instructionId>scriptTable_1_3</instructionId>
                              <type>ScriptActionExpectation</type>
                                      </expectation>
              </instructionResult>
            <instructionResult>
        <instruction>{id='scriptTable_1_4', instruction='call', instanceName='scriptTableActor', methodName='verifyShopCartPage', args=[Your eBay Shopping Cart]}</instruction>
        <slimResult></slimResult>
                <expectation>
                    <status>error</status>
                    <instructionId>scriptTable_1_4</instructionId>
                              <type>ScriptActionExpectation</type>
                                      </expectation>
              </instructionResult>
            <instructionResult>
        <instruction>{id='scriptTable_1_5', instruction='call', instanceName='scriptTableActor', methodName='verifyCartProductName', args=[Oster White 8 Speed Blender - BLSTMG-W00-033, 161728962861_title]}</instruction>
        <slimResult></slimResult>
                <expectation>
                    <status>error</status>
                    <instructionId>scriptTable_1_5</instructionId>
                              <type>ScriptActionExpectation</type>
                                      </expectation>
              </instructionResult>
            <instructionResult>
        <instruction>{id='scriptTable_1_6', instruction='call', instanceName='scriptTableActor', methodName='verifyCartProductQuantity', args=[2]}</instruction>
        <slimResult></slimResult>
                <expectation>
                    <status>error</status>
                    <instructionId>scriptTable_1_6</instructionId>
                              <type>ScriptActionExpectation</type>
                                      </expectation>
              </instructionResult>
            <instructionResult>
        <instruction>{id='scriptTable_1_7', instruction='call', instanceName='scriptTableActor', methodName='close', args=[]}</instruction>
        <slimResult>pass()</slimResult>
                <expectation>
                    <status>pass</status>
                    <instructionId>scriptTable_1_7</instructionId>
                    <col>0</col>
                              <row>7</row>
                    <type>ScriptActionExpectation</type>
                                      </expectation>
              </instructionResult>
          </instructions>
      </result>
  <executionLog>
    <testSystem></testSystem>
    <command></command>
    <exitCode>0</exitCode>
    <stdOut></stdOut>
    <stdErr>Starting ChromeDriver 2.27.440174 (e97a722caafc2d3a8b807ee115bfb307f7d2cfd9) on port 23056

Only local connections are allowed.

Mar 05, 2017 3:15:29 AM org.openqa.selenium.remote.ProtocolHandshake createSession
INFO: Detected dialect: OSS

[25.354][SEVERE]: Unable to receive message from renderer

</stdErr>
  </executionLog>
  <finalCounts>
    <right>0</right>
    <wrong>0</wrong>
    <ignores>0</ignores>
    <exceptions>1</exceptions>
  </finalCounts>
  <totalRunTimeInMillis>25681</totalRunTimeInMillis>
</testResults>

